=== Cathedral Real - Deployment Validation ===
Timestamp: Fri Dec  5 12:17:09 CST 2025
Working Directory: /Users/rebeccalemke/cathedral-real

[0;34m[INFO][0m ğŸ”§ Phase 1: Environment Validation
[0;34m[INFO][0m Node.js Version: v25.2.1
[0;31m[ERROR][0m âŒ Test 1: Node.js version should be 20.x, found v25.2.1
[0;34m[INFO][0m npm Version: 11.6.2
[0;34m[INFO][0m pnpm Version: 8.15.0
[0;32m[SUCCESS][0m âœ… Test 2: pnpm is installed (v8.15.0)
[0;32m[SUCCESS][0m âœ… Test 3: Required file exists: package.json
[0;32m[SUCCESS][0m âœ… Test 4: Required file exists: turbo.json
[0;32m[SUCCESS][0m âœ… Test 5: Required file exists: render.yaml
[0;32m[SUCCESS][0m âœ… Test 6: Required file exists: scripts/deploy-render.sh
[0;34m[INFO][0m ğŸ“¦ Phase 2: Package Configuration Validation
[0;32m[SUCCESS][0m âœ… Test 7: Root package.json has turbo configuration
[0;32m[SUCCESS][0m âœ… Test 8: Root package.json has workspace configuration
[0;32m[SUCCESS][0m âœ… Test 9: turbo.json has pipeline configuration
[0;34m[INFO][0m âš¡ Phase 3: Vite Configuration Validation
[0;31m[ERROR][0m âŒ Test 10: Vite config missing for packages/cataract-book-scanner
[0;32m[SUCCESS][0m âœ… Test 11: Build script found in packages/cataract-book-scanner
[0;32m[SUCCESS][0m âœ… Test 12: Dev script found in packages/cataract-book-scanner
[0;31m[ERROR][0m âŒ Test 13: Vite config missing for packages/hall-of-ateliers
[0;32m[SUCCESS][0m âœ… Test 14: Build script found in packages/hall-of-ateliers
[0;32m[SUCCESS][0m âœ… Test 15: Dev script found in packages/hall-of-ateliers
[0;31m[ERROR][0m âŒ Test 16: Vite config missing for packages/cathedral-logo-system
[0;32m[SUCCESS][0m âœ… Test 17: Build script found in packages/cathedral-logo-system
[0;32m[SUCCESS][0m âœ… Test 18: Dev script found in packages/cathedral-logo-system
[0;34m[INFO][0m ğŸ”„ Phase 4: Node.js Version Consistency
[0;34m[INFO][0m Node.js version consistency: 0/132 packages (0%)
[0;31m[ERROR][0m âŒ Test 19: Node.js version consistency is poor (0%)
[0;34m[INFO][0m ğŸ—ï¸ Phase 5: Build System Test
[0;34m[INFO][0m Testing package installation...
[0;31m[ERROR][0m âŒ Test 20: npm install failed
[0;34m[INFO][0m Testing Turbo build for cataract-book-scanner...
[0;34m[INFO][0m ğŸš€ Phase 6: Deployment Configuration Validation
[0;32m[SUCCESS][0m âœ… Test 22: Service configured: cataract-book-scanner
[0;32m[SUCCESS][0m âœ… Test 23: Service configured: hall-of-ateliers
[0;32m[SUCCESS][0m âœ… Test 24: Service configured: cathedral-logo-system
[0;32m[SUCCESS][0m âœ… Test 25: Deploy script is executable
[0;34m[INFO][0m ğŸ“˜ Phase 7: TypeScript Configuration
[0;32m[SUCCESS][0m âœ… Test 26: tsconfig.json found for packages/cataract-book-scanner
[0;32m[SUCCESS][0m âœ… Test 27: tsconfig.json found for packages/hall-of-ateliers
[0;32m[SUCCESS][0m âœ… Test 28: tsconfig.json found for packages/cathedral-logo-system
[0;34m[INFO][0m ğŸ”„ Phase 8: CI/CD Pipeline Validation
[0;32m[SUCCESS][0m âœ… Test 29: GitHub workflow exists: ci.yml
[0;32m[SUCCESS][0m âœ… Test 30: GitHub workflow exists: docs.yml
[0;32m[SUCCESS][0m âœ… Test 31: GitHub workflow exists: release.yml
[0;34m[INFO][0m âš¡ Phase 9: Performance Benchmark
[0;34m[INFO][0m Testing build performance...
